/data/.openclaw/workspace/deyem-leadbot/bot.py:365: PTBUserWarning: If 'per_message=False', 'CallbackQueryHandler' will not be tracked for every message. Read this FAQ entry to learn more about the per_* settings: https://github.com/python-telegram-bot/python-telegram-bot/wiki/Frequently-Asked-Questions#what-do-the-per_-settings-in-conversationhandler-do.
  conv_handler = ConversationHandler(
2026-02-19 15:18:45,373 - httpx - INFO - HTTP Request: POST https://api.telegram.org/bot8504097265:AAFKN_8n19nrBdwThjXY_SiekCEvUgQ5nV4/getMe "HTTP/1.1 200 OK"
2026-02-19 15:18:45,384 - httpx - INFO - HTTP Request: POST https://api.telegram.org/bot8504097265:AAFKN_8n19nrBdwThjXY_SiekCEvUgQ5nV4/deleteWebhook "HTTP/1.1 200 OK"
2026-02-19 15:18:45,386 - telegram.ext.Application - INFO - Application started
2026-02-19 15:18:55,434 - httpx - INFO - HTTP Request: POST https://api.telegram.org/bot8504097265:AAFKN_8n19nrBdwThjXY_SiekCEvUgQ5nV4/getUpdates "HTTP/1.1 200 OK"
2026-02-19 15:19:05,454 - httpx - INFO - HTTP Request: POST https://api.telegram.org/bot8504097265:AAFKN_8n19nrBdwThjXY_SiekCEvUgQ5nV4/getUpdates "HTTP/1.1 200 OK"
2026-02-19 15:19:15,474 - httpx - INFO - HTTP Request: POST https://api.telegram.org/bot8504097265:AAFKN_8n19nrBdwThjXY_SiekCEvUgQ5nV4/getUpdates "HTTP/1.1 200 OK"
2026-02-19 15:19:25,492 - httpx - INFO - HTTP Request: POST https://api.telegram.org/bot8504097265:AAFKN_8n19nrBdwThjXY_SiekCEvUgQ5nV4/getUpdates "HTTP/1.1 200 OK"
2026-02-19 15:19:35,515 - httpx - INFO - HTTP Request: POST https://api.telegram.org/bot8504097265:AAFKN_8n19nrBdwThjXY_SiekCEvUgQ5nV4/getUpdates "HTTP/1.1 200 OK"
2026-02-19 15:19:45,534 - httpx - INFO - HTTP Request: POST https://api.telegram.org/bot8504097265:AAFKN_8n19nrBdwThjXY_SiekCEvUgQ5nV4/getUpdates "HTTP/1.1 200 OK"
2026-02-19 15:19:55,553 - httpx - INFO - HTTP Request: POST https://api.telegram.org/bot8504097265:AAFKN_8n19nrBdwThjXY_SiekCEvUgQ5nV4/getUpdates "HTTP/1.1 200 OK"
2026-02-19 15:20:05,570 - httpx - INFO - HTTP Request: POST https://api.telegram.org/bot8504097265:AAFKN_8n19nrBdwThjXY_SiekCEvUgQ5nV4/getUpdates "HTTP/1.1 200 OK"
2026-02-19 15:20:15,590 - httpx - INFO - HTTP Request: POST https://api.telegram.org/bot8504097265:AAFKN_8n19nrBdwThjXY_SiekCEvUgQ5nV4/getUpdates "HTTP/1.1 200 OK"
2026-02-19 15:20:25,611 - httpx - INFO - HTTP Request: POST https://api.telegram.org/bot8504097265:AAFKN_8n19nrBdwThjXY_SiekCEvUgQ5nV4/getUpdates "HTTP/1.1 200 OK"
2026-02-19 15:20:35,631 - httpx - INFO - HTTP Request: POST https://api.telegram.org/bot8504097265:AAFKN_8n19nrBdwThjXY_SiekCEvUgQ5nV4/getUpdates "HTTP/1.1 200 OK"
2026-02-19 15:20:37,614 - httpx - INFO - HTTP Request: POST https://api.telegram.org/bot8504097265:AAFKN_8n19nrBdwThjXY_SiekCEvUgQ5nV4/getUpdates "HTTP/1.1 200 OK"
2026-02-19 15:20:37,683 - httpx - INFO - HTTP Request: POST https://api.telegram.org/bot8504097265:AAFKN_8n19nrBdwThjXY_SiekCEvUgQ5nV4/sendMessage "HTTP/1.1 200 OK"
2026-02-19 15:20:47,640 - httpx - INFO - HTTP Request: POST https://api.telegram.org/bot8504097265:AAFKN_8n19nrBdwThjXY_SiekCEvUgQ5nV4/getUpdates "HTTP/1.1 200 OK"
2026-02-19 15:20:47,909 - httpx - INFO - HTTP Request: POST https://api.telegram.org/bot8504097265:AAFKN_8n19nrBdwThjXY_SiekCEvUgQ5nV4/getUpdates "HTTP/1.1 200 OK"
2026-02-19 15:20:47,971 - httpx - INFO - HTTP Request: POST https://api.telegram.org/bot8504097265:AAFKN_8n19nrBdwThjXY_SiekCEvUgQ5nV4/answerCallbackQuery "HTTP/1.1 200 OK"
2026-02-19 15:20:48,022 - httpx - INFO - HTTP Request: POST https://api.telegram.org/bot8504097265:AAFKN_8n19nrBdwThjXY_SiekCEvUgQ5nV4/editMessageText "HTTP/1.1 200 OK"
2026-02-19 15:20:53,953 - httpx - INFO - HTTP Request: POST https://api.telegram.org/bot8504097265:AAFKN_8n19nrBdwThjXY_SiekCEvUgQ5nV4/getUpdates "HTTP/1.1 200 OK"
2026-02-19 15:20:54,088 - httpx - INFO - HTTP Request: POST https://api.telegram.org/bot8504097265:AAFKN_8n19nrBdwThjXY_SiekCEvUgQ5nV4/sendMessage "HTTP/1.1 200 OK"
2026-02-19 15:21:03,977 - httpx - INFO - HTTP Request: POST https://api.telegram.org/bot8504097265:AAFKN_8n19nrBdwThjXY_SiekCEvUgQ5nV4/getUpdates "HTTP/1.1 200 OK"
2026-02-19 15:21:07,585 - httpx - INFO - HTTP Request: POST https://api.telegram.org/bot8504097265:AAFKN_8n19nrBdwThjXY_SiekCEvUgQ5nV4/getUpdates "HTTP/1.1 200 OK"
2026-02-19 15:21:07,671 - httpx - INFO - HTTP Request: POST https://api.telegram.org/bot8504097265:AAFKN_8n19nrBdwThjXY_SiekCEvUgQ5nV4/sendMessage "HTTP/1.1 200 OK"
2026-02-19 15:21:17,607 - httpx - INFO - HTTP Request: POST https://api.telegram.org/bot8504097265:AAFKN_8n19nrBdwThjXY_SiekCEvUgQ5nV4/getUpdates "HTTP/1.1 200 OK"
2026-02-19 15:21:22,642 - httpx - INFO - HTTP Request: POST https://api.telegram.org/bot8504097265:AAFKN_8n19nrBdwThjXY_SiekCEvUgQ5nV4/getUpdates "HTTP/1.1 200 OK"
2026-02-19 15:21:22,763 - httpx - INFO - HTTP Request: POST https://api.telegram.org/bot8504097265:AAFKN_8n19nrBdwThjXY_SiekCEvUgQ5nV4/sendMessage "HTTP/1.1 200 OK"
2026-02-19 15:21:32,668 - httpx - INFO - HTTP Request: POST https://api.telegram.org/bot8504097265:AAFKN_8n19nrBdwThjXY_SiekCEvUgQ5nV4/getUpdates "HTTP/1.1 200 OK"
2026-02-19 15:21:33,374 - httpx - INFO - HTTP Request: POST https://api.telegram.org/bot8504097265:AAFKN_8n19nrBdwThjXY_SiekCEvUgQ5nV4/getUpdates "HTTP/1.1 200 OK"
2026-02-19 15:21:33,457 - httpx - INFO - HTTP Request: POST https://api.telegram.org/bot8504097265:AAFKN_8n19nrBdwThjXY_SiekCEvUgQ5nV4/sendMessage "HTTP/1.1 200 OK"
2026-02-19 15:21:38,884 - httpx - INFO - HTTP Request: POST https://api.telegram.org/bot8504097265:AAFKN_8n19nrBdwThjXY_SiekCEvUgQ5nV4/getUpdates "HTTP/1.1 200 OK"
2026-02-19 15:21:38,941 - httpx - INFO - HTTP Request: POST https://api.telegram.org/bot8504097265:AAFKN_8n19nrBdwThjXY_SiekCEvUgQ5nV4/answerCallbackQuery "HTTP/1.1 200 OK"
2026-02-19 15:21:38,976 - httpx - INFO - HTTP Request: POST https://api.telegram.org/bot8504097265:AAFKN_8n19nrBdwThjXY_SiekCEvUgQ5nV4/editMessageText "HTTP/1.1 200 OK"
2026-02-19 15:21:43,667 - httpx - INFO - HTTP Request: POST https://api.telegram.org/bot8504097265:AAFKN_8n19nrBdwThjXY_SiekCEvUgQ5nV4/getUpdates "HTTP/1.1 200 OK"
2026-02-19 15:21:43,695 - httpx - INFO - HTTP Request: POST https://api.telegram.org/bot8504097265:AAFKN_8n19nrBdwThjXY_SiekCEvUgQ5nV4/answerCallbackQuery "HTTP/1.1 200 OK"
2026-02-19 15:21:43,750 - httpx - INFO - HTTP Request: POST https://api.telegram.org/bot8504097265:AAFKN_8n19nrBdwThjXY_SiekCEvUgQ5nV4/editMessageText "HTTP/1.1 200 OK"
2026-02-19 15:21:46,444 - httpx - INFO - HTTP Request: POST https://api.telegram.org/bot8504097265:AAFKN_8n19nrBdwThjXY_SiekCEvUgQ5nV4/getUpdates "HTTP/1.1 200 OK"
2026-02-19 15:21:46,476 - httpx - INFO - HTTP Request: POST https://api.telegram.org/bot8504097265:AAFKN_8n19nrBdwThjXY_SiekCEvUgQ5nV4/answerCallbackQuery "HTTP/1.1 200 OK"
2026-02-19 15:21:46,509 - httpx - INFO - HTTP Request: POST https://api.telegram.org/bot8504097265:AAFKN_8n19nrBdwThjXY_SiekCEvUgQ5nV4/editMessageText "HTTP/1.1 200 OK"
2026-02-19 15:21:56,464 - httpx - INFO - HTTP Request: POST https://api.telegram.org/bot8504097265:AAFKN_8n19nrBdwThjXY_SiekCEvUgQ5nV4/getUpdates "HTTP/1.1 200 OK"
2026-02-19 15:22:06,501 - httpx - INFO - HTTP Request: POST https://api.telegram.org/bot8504097265:AAFKN_8n19nrBdwThjXY_SiekCEvUgQ5nV4/getUpdates "HTTP/1.1 200 OK"
2026-02-19 15:22:13,163 - httpx - INFO - HTTP Request: POST https://api.telegram.org/bot8504097265:AAFKN_8n19nrBdwThjXY_SiekCEvUgQ5nV4/getUpdates "HTTP/1.1 200 OK"
2026-02-19 15:22:13,246 - httpx - INFO - HTTP Request: POST https://api.telegram.org/bot8504097265:AAFKN_8n19nrBdwThjXY_SiekCEvUgQ5nV4/sendMessage "HTTP/1.1 200 OK"
2026-02-19 15:22:16,312 - httpx - INFO - HTTP Request: POST https://api.telegram.org/bot8504097265:AAFKN_8n19nrBdwThjXY_SiekCEvUgQ5nV4/getUpdates "HTTP/1.1 200 OK"
2026-02-19 15:22:16,394 - httpx - INFO - HTTP Request: POST https://api.telegram.org/bot8504097265:AAFKN_8n19nrBdwThjXY_SiekCEvUgQ5nV4/answerCallbackQuery "HTTP/1.1 200 OK"
2026-02-19 15:22:16,510 - httpx - INFO - HTTP Request: POST https://api.telegram.org/bot8504097265:AAFKN_8n19nrBdwThjXY_SiekCEvUgQ5nV4/sendMessage "HTTP/1.1 200 OK"
2026-02-19 15:22:16,600 - httpx - INFO - HTTP Request: POST https://api.telegram.org/bot8504097265:AAFKN_8n19nrBdwThjXY_SiekCEvUgQ5nV4/editMessageText "HTTP/1.1 200 OK"
2026-02-19 15:22:26,331 - httpx - INFO - HTTP Request: POST https://api.telegram.org/bot8504097265:AAFKN_8n19nrBdwThjXY_SiekCEvUgQ5nV4/getUpdates "HTTP/1.1 200 OK"
2026-02-19 15:22:36,349 - httpx - INFO - HTTP Request: POST https://api.telegram.org/bot8504097265:AAFKN_8n19nrBdwThjXY_SiekCEvUgQ5nV4/getUpdates "HTTP/1.1 200 OK"
2026-02-19 15:22:46,369 - httpx - INFO - HTTP Request: POST https://api.telegram.org/bot8504097265:AAFKN_8n19nrBdwThjXY_SiekCEvUgQ5nV4/getUpdates "HTTP/1.1 200 OK"
2026-02-19 15:22:56,386 - httpx - INFO - HTTP Request: POST https://api.telegram.org/bot8504097265:AAFKN_8n19nrBdwThjXY_SiekCEvUgQ5nV4/getUpdates "HTTP/1.1 200 OK"
2026-02-19 15:23:06,403 - httpx - INFO - HTTP Request: POST https://api.telegram.org/bot8504097265:AAFKN_8n19nrBdwThjXY_SiekCEvUgQ5nV4/getUpdates "HTTP/1.1 200 OK"
2026-02-19 15:23:16,424 - httpx - INFO - HTTP Request: POST https://api.telegram.org/bot8504097265:AAFKN_8n19nrBdwThjXY_SiekCEvUgQ5nV4/getUpdates "HTTP/1.1 200 OK"
2026-02-19 15:23:26,442 - httpx - INFO - HTTP Request: POST https://api.telegram.org/bot8504097265:AAFKN_8n19nrBdwThjXY_SiekCEvUgQ5nV4/getUpdates "HTTP/1.1 200 OK"
2026-02-19 15:23:36,461 - httpx - INFO - HTTP Request: POST https://api.telegram.org/bot8504097265:AAFKN_8n19nrBdwThjXY_SiekCEvUgQ5nV4/getUpdates "HTTP/1.1 200 OK"
2026-02-19 15:23:46,478 - httpx - INFO - HTTP Request: POST https://api.telegram.org/bot8504097265:AAFKN_8n19nrBdwThjXY_SiekCEvUgQ5nV4/getUpdates "HTTP/1.1 200 OK"
2026-02-19 15:23:56,502 - httpx - INFO - HTTP Request: POST https://api.telegram.org/bot8504097265:AAFKN_8n19nrBdwThjXY_SiekCEvUgQ5nV4/getUpdates "HTTP/1.1 200 OK"
2026-02-19 15:24:06,521 - httpx - INFO - HTTP Request: POST https://api.telegram.org/bot8504097265:AAFKN_8n19nrBdwThjXY_SiekCEvUgQ5nV4/getUpdates "HTTP/1.1 200 OK"
2026-02-19 15:24:16,539 - httpx - INFO - HTTP Request: POST https://api.telegram.org/bot8504097265:AAFKN_8n19nrBdwThjXY_SiekCEvUgQ5nV4/getUpdates "HTTP/1.1 200 OK"
2026-02-19 15:24:26,558 - httpx - INFO - HTTP Request: POST https://api.telegram.org/bot8504097265:AAFKN_8n19nrBdwThjXY_SiekCEvUgQ5nV4/getUpdates "HTTP/1.1 200 OK"
2026-02-19 15:24:36,585 - httpx - INFO - HTTP Request: POST https://api.telegram.org/bot8504097265:AAFKN_8n19nrBdwThjXY_SiekCEvUgQ5nV4/getUpdates "HTTP/1.1 200 OK"
2026-02-19 15:24:46,611 - httpx - INFO - HTTP Request: POST https://api.telegram.org/bot8504097265:AAFKN_8n19nrBdwThjXY_SiekCEvUgQ5nV4/getUpdates "HTTP/1.1 200 OK"
2026-02-19 15:24:56,650 - httpx - INFO - HTTP Request: POST https://api.telegram.org/bot8504097265:AAFKN_8n19nrBdwThjXY_SiekCEvUgQ5nV4/getUpdates "HTTP/1.1 200 OK"
2026-02-19 15:25:06,675 - httpx - INFO - HTTP Request: POST https://api.telegram.org/bot8504097265:AAFKN_8n19nrBdwThjXY_SiekCEvUgQ5nV4/getUpdates "HTTP/1.1 200 OK"
2026-02-19 15:25:16,700 - httpx - INFO - HTTP Request: POST https://api.telegram.org/bot8504097265:AAFKN_8n19nrBdwThjXY_SiekCEvUgQ5nV4/getUpdates "HTTP/1.1 200 OK"
2026-02-19 15:25:26,717 - httpx - INFO - HTTP Request: POST https://api.telegram.org/bot8504097265:AAFKN_8n19nrBdwThjXY_SiekCEvUgQ5nV4/getUpdates "HTTP/1.1 200 OK"
2026-02-19 15:25:36,735 - httpx - INFO - HTTP Request: POST https://api.telegram.org/bot8504097265:AAFKN_8n19nrBdwThjXY_SiekCEvUgQ5nV4/getUpdates "HTTP/1.1 200 OK"
2026-02-19 15:25:46,754 - httpx - INFO - HTTP Request: POST https://api.telegram.org/bot8504097265:AAFKN_8n19nrBdwThjXY_SiekCEvUgQ5nV4/getUpdates "HTTP/1.1 200 OK"
2026-02-19 15:25:56,776 - httpx - INFO - HTTP Request: POST https://api.telegram.org/bot8504097265:AAFKN_8n19nrBdwThjXY_SiekCEvUgQ5nV4/getUpdates "HTTP/1.1 200 OK"
2026-02-19 15:26:06,795 - httpx - INFO - HTTP Request: POST https://api.telegram.org/bot8504097265:AAFKN_8n19nrBdwThjXY_SiekCEvUgQ5nV4/getUpdates "HTTP/1.1 200 OK"
2026-02-19 15:26:16,815 - httpx - INFO - HTTP Request: POST https://api.telegram.org/bot8504097265:AAFKN_8n19nrBdwThjXY_SiekCEvUgQ5nV4/getUpdates "HTTP/1.1 200 OK"
2026-02-19 15:26:26,833 - httpx - INFO - HTTP Request: POST https://api.telegram.org/bot8504097265:AAFKN_8n19nrBdwThjXY_SiekCEvUgQ5nV4/getUpdates "HTTP/1.1 200 OK"
2026-02-19 15:26:36,853 - httpx - INFO - HTTP Request: POST https://api.telegram.org/bot8504097265:AAFKN_8n19nrBdwThjXY_SiekCEvUgQ5nV4/getUpdates "HTTP/1.1 200 OK"
2026-02-19 15:26:46,906 - httpx - INFO - HTTP Request: POST https://api.telegram.org/bot8504097265:AAFKN_8n19nrBdwThjXY_SiekCEvUgQ5nV4/getUpdates "HTTP/1.1 200 OK"
2026-02-19 15:26:56,923 - httpx - INFO - HTTP Request: POST https://api.telegram.org/bot8504097265:AAFKN_8n19nrBdwThjXY_SiekCEvUgQ5nV4/getUpdates "HTTP/1.1 200 OK"
